  141123.cpp
C:\Users\lehan\OneDrive\Документы\GitHub\fr-050923\141123\141123\141123.cpp(16,7): error C3646: year2023: неизвестный спецификатор переопределения
C:\Users\lehan\OneDrive\Документы\GitHub\fr-050923\141123\141123\141123.cpp(16,15): error C4430: отсутствует спецификатор типа - предполагается int. Примечание. C++ не поддерживает int по умолчанию
C:\Users\lehan\OneDrive\Документы\GitHub\fr-050923\141123\141123\141123.cpp(18,7): error C2061: синтаксическая ошибка: идентификатор "Year"
C:\Users\lehan\OneDrive\Документы\GitHub\fr-050923\141123\141123\141123.cpp(19,9): error C2039: "year2023": не является членом "Book".
  C:\Users\lehan\OneDrive\Документы\GitHub\fr-050923\141123\141123\141123.cpp(15,7):
   см. объявление "Book"
  
C:\Users\lehan\OneDrive\Документы\GitHub\fr-050923\141123\141123\141123.cpp(19,20): error C2065: year: необъявленный идентификатор
C:\Users\lehan\OneDrive\Документы\GitHub\fr-050923\141123\141123\141123.cpp(24,8): error C3646: M: неизвестный спецификатор переопределения
C:\Users\lehan\OneDrive\Документы\GitHub\fr-050923\141123\141123\141123.cpp(24,9): error C2143: синтаксическая ошибка: отсутствие "," перед "["
C:\Users\lehan\OneDrive\Документы\GitHub\fr-050923\141123\141123\141123.cpp(24,13): error C2238: непредвиденные лексемы перед ";"
C:\Users\lehan\OneDrive\Документы\GitHub\fr-050923\141123\141123\141123.cpp(30,16): error C2061: синтаксическая ошибка: идентификатор "Month"
C:\Users\lehan\OneDrive\Документы\GitHub\fr-050923\141123\141123\141123.cpp(31,3): error C2065: M: необъявленный идентификатор
C:\Users\lehan\OneDrive\Документы\GitHub\fr-050923\141123\141123\141123.cpp(31,10): error C2065: month: необъявленный идентификатор
C:\Users\lehan\OneDrive\Документы\GitHub\fr-050923\141123\141123\141123.cpp(38,5): error C2143: синтаксическая ошибка: отсутствие ";" перед "*"
C:\Users\lehan\OneDrive\Документы\GitHub\fr-050923\141123\141123\141123.cpp(38,5): error C4430: отсутствует спецификатор типа - предполагается int. Примечание. C++ не поддерживает int по умолчанию
C:\Users\lehan\OneDrive\Документы\GitHub\fr-050923\141123\141123\141123.cpp(38,24): error C2238: непредвиденные лексемы перед ";"
C:\Users\lehan\OneDrive\Документы\GitHub\fr-050923\141123\141123\141123.cpp(81,14): error C2061: синтаксическая ошибка: идентификатор "Day"
C:\Users\lehan\OneDrive\Документы\GitHub\fr-050923\141123\141123\141123.cpp(82,3): error C2065: days: необъявленный идентификатор
C:\Users\lehan\OneDrive\Документы\GitHub\fr-050923\141123\141123\141123.cpp(82,13): error C2065: day: необъявленный идентификатор
C:\Users\lehan\OneDrive\Документы\GitHub\fr-050923\141123\141123\141123.cpp(89,7): error C3646: time: неизвестный спецификатор переопределения
C:\Users\lehan\OneDrive\Документы\GitHub\fr-050923\141123\141123\141123.cpp(89,11): error C2143: синтаксическая ошибка: отсутствие "," перед "["
C:\Users\lehan\OneDrive\Документы\GitHub\fr-050923\141123\141123\141123.cpp(89,15): error C2238: непредвиденные лексемы перед ";"
C:\Users\lehan\OneDrive\Документы\GitHub\fr-050923\141123\141123\141123.cpp(95,6): error C2061: синтаксическая ошибка: идентификатор "Time"
C:\Users\lehan\OneDrive\Документы\GitHub\fr-050923\141123\141123\141123.cpp(95,2): error C2535: Day::Day(void): функция-член уже определена или объявлена
  C:\Users\lehan\OneDrive\Документы\GitHub\fr-050923\141123\141123\141123.cpp(92,2):
   см. объявление "Day::Day"
  
C:\Users\lehan\OneDrive\Документы\GitHub\fr-050923\141123\141123\141123.cpp(99,15): error C2061: синтаксическая ошибка: идентификатор "Time"
C:\Users\lehan\OneDrive\Документы\GitHub\fr-050923\141123\141123\141123.cpp(96,9): error C2039: "time": не является членом "Day".
  C:\Users\lehan\OneDrive\Документы\GitHub\fr-050923\141123\141123\141123.cpp(88,7):
   см. объявление "Day"
  
C:\Users\lehan\OneDrive\Документы\GitHub\fr-050923\141123\141123\141123.cpp(100,9): error C2039: "time": не является членом "Day".
  C:\Users\lehan\OneDrive\Документы\GitHub\fr-050923\141123\141123\141123.cpp(88,7):
   см. объявление "Day"
  
C:\Users\lehan\OneDrive\Документы\GitHub\fr-050923\141123\141123\141123.cpp(110,8): error C3646: entry: неизвестный спецификатор переопределения
C:\Users\lehan\OneDrive\Документы\GitHub\fr-050923\141123\141123\141123.cpp(110,13): error C4430: отсутствует спецификатор типа - предполагается int. Примечание. C++ не поддерживает int по умолчанию
C:\Users\lehan\OneDrive\Документы\GitHub\fr-050923\141123\141123\141123.cpp(121,9): error C2039: "entry": не является членом "Time".
  C:\Users\lehan\OneDrive\Документы\GitHub\fr-050923\141123\141123\141123.cpp(106,7):
   см. объявление "Time"
  
C:\Users\lehan\OneDrive\Документы\GitHub\fr-050923\141123\141123\141123.cpp(122,9): error C2039: "entry": не является членом "Time".
  C:\Users\lehan\OneDrive\Документы\GitHub\fr-050923\141123\141123\141123.cpp(106,7):
   см. объявление "Time"
  
C:\Users\lehan\OneDrive\Документы\GitHub\fr-050923\141123\141123\141123.cpp(141,11): error C2440: инициализация: невозможно преобразовать "initializer list" в "Day"
  C:\Users\lehan\OneDrive\Документы\GitHub\fr-050923\141123\141123\141123.cpp(141,11):
  "Day::Day": ни одна перегруженная функция не может преобразовать все типы аргументов
  	C:\Users\lehan\OneDrive\Документы\GitHub\fr-050923\141123\141123\141123.cpp(103,1):
  	может быть "Day::Day(Day &&)"
  		C:\Users\lehan\OneDrive\Документы\GitHub\fr-050923\141123\141123\141123.cpp(141,11):
  		"Day::Day(Day &&)": невозможно преобразовать аргумент 1 из "Time" в "Day &&"
  			C:\Users\lehan\OneDrive\Документы\GitHub\fr-050923\141123\141123\141123.cpp(141,13):
  			Причина: невозможно преобразовать "Time" в "Day"
  			C:\Users\lehan\OneDrive\Документы\GitHub\fr-050923\141123\141123\141123.cpp(141,13):
  			Для выполнения данного преобразования нет доступного оператора преобразования, определенного пользователем, или вызов оператора невозможен
  	C:\Users\lehan\OneDrive\Документы\GitHub\fr-050923\141123\141123\141123.cpp(103,1):
  	или       "Day::Day(const Day &)"
  		C:\Users\lehan\OneDrive\Документы\GitHub\fr-050923\141123\141123\141123.cpp(141,11):
  		"Day::Day(const Day &)": невозможно преобразовать аргумент 1 из "Time" в "const Day &"
  			C:\Users\lehan\OneDrive\Документы\GitHub\fr-050923\141123\141123\141123.cpp(141,13):
  			Причина: невозможно преобразовать "Time" в "const Day"
  			C:\Users\lehan\OneDrive\Документы\GitHub\fr-050923\141123\141123\141123.cpp(141,13):
  			Для выполнения данного преобразования нет доступного оператора преобразования, определенного пользователем, или вызов оператора невозможен
  	C:\Users\lehan\OneDrive\Документы\GitHub\fr-050923\141123\141123\141123.cpp(141,11):
  	при попытке сопоставить список аргументов "(Time)"
  
C:\Users\lehan\OneDrive\Документы\GitHub\fr-050923\141123\141123\141123.cpp(143,5): error C2660: Month::addday: функция не принимает 1 аргументов
  C:\Users\lehan\OneDrive\Документы\GitHub\fr-050923\141123\141123\141123.cpp(81,7):
   см. объявление "Month::addday"
  C:\Users\lehan\OneDrive\Документы\GitHub\fr-050923\141123\141123\141123.cpp(143,5):
  при попытке сопоставить список аргументов "(Day)"
  
C:\Users\lehan\OneDrive\Документы\GitHub\fr-050923\141123\141123\141123.cpp(145,10): error C2660: Year::addmonth: функция не принимает 1 аргументов
  C:\Users\lehan\OneDrive\Документы\GitHub\fr-050923\141123\141123\141123.cpp(30,7):
   см. объявление "Year::addmonth"
  C:\Users\lehan\OneDrive\Документы\GitHub\fr-050923\141123\141123\141123.cpp(145,10):
  при попытке сопоставить список аргументов "(Month)"
  
C:\Users\lehan\OneDrive\Документы\GitHub\fr-050923\141123\141123\141123.cpp(146,11): error C2440: инициализация: невозможно преобразовать "initializer list" в "Book"
  C:\Users\lehan\OneDrive\Документы\GitHub\fr-050923\141123\141123\141123.cpp(146,11):
  "Book::Book": ни одна перегруженная функция не может преобразовать все типы аргументов
  	C:\Users\lehan\OneDrive\Документы\GitHub\fr-050923\141123\141123\141123.cpp(21,1):
  	может быть "Book::Book(Book &&)"
  		C:\Users\lehan\OneDrive\Документы\GitHub\fr-050923\141123\141123\141123.cpp(146,11):
  		"Book::Book(Book &&)": невозможно преобразовать аргумент 1 из "Year" в "Book &&"
  			C:\Users\lehan\OneDrive\Документы\GitHub\fr-050923\141123\141123\141123.cpp(146,13):
  			Причина: невозможно преобразовать "Year" в "Book"
  			C:\Users\lehan\OneDrive\Документы\GitHub\fr-050923\141123\141123\141123.cpp(146,13):
  			Для выполнения данного преобразования нет доступного оператора преобразования, определенного пользователем, или вызов оператора невозможен
  	C:\Users\lehan\OneDrive\Документы\GitHub\fr-050923\141123\141123\141123.cpp(21,1):
  	или       "Book::Book(const Book &)"
  		C:\Users\lehan\OneDrive\Документы\GitHub\fr-050923\141123\141123\141123.cpp(146,11):
  		"Book::Book(const Book &)": невозможно преобразовать аргумент 1 из "Year" в "const Book &"
  			C:\Users\lehan\OneDrive\Документы\GitHub\fr-050923\141123\141123\141123.cpp(146,13):
  			Причина: невозможно преобразовать "Year" в "const Book"
  			C:\Users\lehan\OneDrive\Документы\GitHub\fr-050923\141123\141123\141123.cpp(146,13):
  			Для выполнения данного преобразования нет доступного оператора преобразования, определенного пользователем, или вызов оператора невозможен
  	C:\Users\lehan\OneDrive\Документы\GitHub\fr-050923\141123\141123\141123.cpp(146,11):
  	при попытке сопоставить список аргументов "(Year)"
  
